[   .00000] italizg cgroup subsys cpuset
[    0.000000] Initializing cgroup subsys cpu
[    0.000000] Initializing cgroup subsys cpuacct
[    0.000000] Linux version 4.4.0-165-generic (buildd@lgw01-amd64-027) (gcc version 5.4.0 20160609 (Ubuntu 5.4.0-6ubuntu1~16.04.10) ) #193-Ubuntu SMP Tue Sep 17 17:42:52 UTC 2019 (Ubuntu 4.4.0-165.193-generic 4.4.189)
[    0.000000] Command line: BOOT_IMAGE=/boot/vmlinuz-4.4.0-165-generic root=LABEL=cloudimg-rootfs ro console=tty1 console=ttyS0
[    0.000000] KERNEL supported cpus:
[    0.000000]   Intel GenuineIntel
[    0.000000]   AMD AuthenticAMD
[    0.000000]   Centaur CentaurHauls
[    0.000000] x86/fpu: xstate_offset[2]:  576, xstate_sizes[2]:  256
[    0.000000] x86/fpu: Supporting XSAVE feature 0x01: 'x87 floating point registers'
[    0.000000] x86/fpu: Supporting XSAVE feature 0x02: 'SSE registers'
[    0.000000] x86/fpu: Supporting XSAVE feature 0x04: 'AVX registers'
[    0.000000] x86/fpu: Enabled xstate features 0x7, context size is 832 bytes, using 'standard' format.
[    0.000000] e820: BIOS-provided physical RAM map:
[    0.000000] BIOS-e820: [mem 0x0000000000000000-0x000000000009fbff] usable
[    0.000000] BIOS-e820: [mem 0x000000000009fc00-0x000000000009ffff] reserved
[    0.000000] BIOS-e820: [mem 0x00000000000f0000-0x00000000000fffff] reserved
[    0.000000] BIOS-e820: [mem 0x0000000000100000-0x000000003ffeffff] usable
[    0.000000] BIOS-e820: [mem 0x000000003fff0000-0x000000003fffffff] ACPI data
[    0.000000] BIOS-e820: [mem 0x00000000fec00000-0x00000000fec00fff] reserved
[    0.000000] BIOS-e820: [mem 0x00000000fee00000-0x00000000fee00fff] reserved
[    0.000000] BIOS-e820: [mem 0x00000000fffc0000-0x00000000ffffffff] reserved
[    0.000000] NX (Execute Disable) protection: active
[    0.000000] SMBIOS 2.5 present.
[    0.000000] Hypervisor detected: KVM
[    0.000000] e820: last_pfn = 0x3fff0 max_arch_pfn = 0x400000000
[    0.000000] MTRR: Disabled
[    0.000000] x86/PAT: MTRRs disabled, skipping PAT initialization too.
[    0.000000] CPU MTRRs all blank - virtualized system.
[    0.000000] x86/PAT: Configuration [0-7]: WB  WT  UC- UC  WB  WT  UC- UC  
[    0.000000] found SMP MP-table at [mem 0x0009fff0-0x0009ffff] mapped at [ffff88000009fff0]
[    0.000000] Scanning 1 areas for low memory corruption
[    0.000000] RAMDISK: [mem 0x362fa000-0x37174fff]
[    0.000000] ACPI: Early table checksum verification disabled
[    0.000000] ACPI: RSDP 0x00000000000E0000 000024 (v02 VBOX  )
[    0.000000] ACPI: XSDT 0x000000003FFF0030 00003C (v01 VBOX   VBOXXSDT 00000001 ASL  00000061)
[    0.000000] ACPI: FACP 0x000000003FFF00F0 0000F4 (v04 VBOX   VBOXFACP 00000001 ASL  00000061)
[    0.000000] ACPI: DSDT 0x000000003FFF0470 0021FF (v02 VBOX   VBOXBIOS 00000002 INTL 20180105)
[    0.000000] ACPI: FACS 0x000000003FFF0200 000040
[    0.000000] ACPI: FACS 0x000000003FFF0200 000040
[    0.000000] ACPI: APIC 0x000000003FFF0240 00005C (v02 VBOX   VBOXAPIC 00000001 ASL  00000061)
[    0.000000] ACPI: SSDT 0x000000003FFF02A0 0001CC (v01 VBOX   VBOXCPUT 00000002 INTL 20180105)
[    0.000000] No NUMA configuration found
[    0.000000] Faking a node at [mem 0x0000000000000000-0x000000003ffeffff]
[    0.000000] NODE_DATA(0) allocated [mem 0x3ffeb000-0x3ffeffff]
[    0.000000] kvm-clock: Using msrs 4b564d01 and 4b564d00
[    0.000000] kvm-clock: cpu 0, msr 0:3ffe3001, primary cpu clock
[    0.000000] kvm-clock: using sched offset of 3098413506 cycles
[    0.000000] clocksource: kvm-clock: mask: 0xffffffffffffffff max_cycles: 0x1cd42e4dffb, max_idle_ns: 881590591483 ns
[    0.000000] Zone ranges:
[    0.000000]   DMA      [mem 0x0000000000001000-0x0000000000ffffff]
[    0.000000]   DMA32    [mem 0x0000000001000000-0x000000003ffeffff]
[    0.000000]   Normal   empty
[    0.000000]   Device   empty
[    0.000000] Movable zone start for each node
[    0.000000] Early memory node ranges
[    0.000000]   node   0: [mem 0x0000000000001000-0x000000000009efff]
[    0.000000]   node   0: [mem 0x0000000000100000-0x000000003ffeffff]
[    0.000000] Initmem setup node 0 [mem 0x0000000000001000-0x000000003ffeffff]
[    0.000000] ACPI: PM-Timer IO Port: 0x4008
[    0.000000] IOAPIC[0]: apic_id 2, version 32, address 0xfec00000, GSI 0-23[    0.000000] ACPI: INT_SRC_OVR (bus 0 bus_irq 0 global_irq 2 dfl dfl)
[    0.000000] ACPI: INT_SRC_OVR (bus 0 bus_irq 9 global_irq 9 low level)
[    0.000000] Using ACPI (MADT) for SMP configuration information
[    0.000000] smpboot: Allowing 2 CPUs, 0 hotplug CPUs
[    0.000000] PM: Registered nosave memory: [mem 0x00000000-0x00000fff]
[    0.000000] PM: Registered nosave memory: [mem 0x0009f000-0x0009ffff]
[    0.000000] PM: Registered nosave memory: [mem 0x000a0000-0x000effff]
[    0.000000] PM: Registered nosave memory: [mem 0x000f0000-0x000fffff]
[    0.000000] e820: [mem 0x40000000-0xfebfffff] available for PCI devices
[    0.000000] Booting paravirtualized kernel on KVM
[    0.000000] clocksource: refined-jiffies: mask: 0xffffffff max_cycles: 0xffffffff, max_idle_ns: 7645519600211568 ns
[    0.000000] setup_percpu: NR_CPUS:512 nr_cpumask_bits:512 nr_cpu_ids:2 nr_node_ids:1
[    0.000000] PERCPU: Embedded 34 pages/cpu @ffff88003fc00000 s99544 r8192 d31528 u1048576
[    0.000000] Built 1 zonelists in Node order, mobility grouping on.  Total pages: 257912
[    0.000000] Policy zone: DMA32
[    0.000000] Kernel command line: BOOT_IMAGE=/boot/vmlinuz-4.4.0-165-generic root=LABEL=cloudimg-rootfs ro console=tty1 console=ttyS0
[    0.000000] PID hash table entries: 4096 (order: 3, 32768 bytes)
[    0.000000] Memory: 997732K/1048120K available (8621K kernel code, 1335K rwddata, 4032K rodata, 1484K init,1284K bss, 50388K reserved, 0K cma-reserved)
[    0.000000] SLUB: HWalign=64, Order=0-3, MinObjects=0, CPUs=2, Nodes=1
[    0.000000] Kernel/User page tables isolation: enabled
[    0.000000] Hierarchical RCU implementation.
[    0.000000] 	Build-time adjustment of leaf fanout to 64.
[    0.000000] 	RCU restricting CPUs from NR_CPUS=512 to nr_cpu_ids=2.
[    0.000000] RCU: Adjusting geometry for rcu_fanout_leaf=64, nr_cpu_ids=2
[    0.000000] NR_IRQS:33024 nr_irqs:440 16
[    0.000000] Console: colour VGA+ 80x25
[    0.000000] console [tty1] enabled
[    0.000000] console [ttyS0] enabled
[    0.000000] tsc: Detected 2207.958 MHz processor
[    0.290451] Calibrating delay loop (skipped) preset value.. 4415.91 BogoMIPS (lpj=8831832)
[    0.291658] pid_max: default: 32768 minimum: 301
[    0.292307] ACPI: Core revision 20150930
[    0.293658] ACPI: 2 ACPI AML tables successfully acquired and loaded
[    0.294629] Security Framework initialized
[    0.295243] Yama: becoming mindful.
[    0.295796] AppArmor: AppArmor initialized
[    0.296455] Dentry cache hash table entries: 131072 (order: 8, 1048576 bytes)
[    0.297880] Inode-cache hash table entries: 65536 (order: 7, 524288 bytes)
[    0.298839] Mount-cache hash table entries: 2048 (order: 2, 16384 bytes)
[    0.299701] Mountpoint-cache hash table entries: 2048 (order: 2, 16384 bytes)
[    0.300711] Initializing cgroup subsys io
[    0.301308] Initializing cgroup subsys memory
[    0.301947] Initializing cgroup subsys devices
[    0.302600] Initializing cgroup subsys freezer
[    0.303235] Initializing cgroup subsys net_cls
[    0.303871] Initializing cgroup subsys perf_event
[    0.304529] Initializing cgroup subsys net_prio
[    0.305176] Initializing cgroup subsys hugetlb
[    0.305818] Initializing cgroup subsys pids
[    0.308067] mce: CPU supports 0 MCE banks
[    0.308677] Last level iTLB entries: 4KB 64, 2MB 8, 4MB 8
[    0.309402] Last level dTLB entries: 4KB 64, 2MB 0, 4MB 0, 1GB 4
[    0.310190] Spectre V1 : Mitigation: usercopy/swapgs barriers and __user pointer sanitization
[    0.311407] Spectre V2 : Mitigation: Full generic retpoline
[    0.312149] Spectre V2 : Spectre v2 / SpectreRSB mitigation: Filling RSB on context switch
[    0.313311] Speculative Store Bypass: Vulnerable
[    0.314666] MDS: Vulnerable: Clear CPU buffers attempted, no microcode
[    0.319177] Freeing SMP alternatives memory: 36K

[    0.324141] ftrace: allocating 32318 entries in 127 pages
[    0.379719] smpboot: APIC(0) Converting physical 0 to logical package 0
[    0.454289] smpboot: Max logical packages: 1
[    0.460503] x2apic enabled
[    0.461225] Switched APIC routing to physical x2apic.
[    0.462968] ..TIMER: vector=0x30 apic1=0 pin1=2 apic2=-1 pin2=-1
[    0.570387] smpboot: CPU0: Intel(R) Core(TM) i5-7260U CPU @ 2.20GHz (family: 0x6, model: 0x8e, stepping: 0x9)
[    0.572071] Performance Events: unsupported p6 CPU model 142 no PMU driver, software events only.
[    0.582004] KVM setup paravirtual spinlock
[    0.583344] x86: Booting SMP configuration:
[    0.584040] .... node  #0, CPUs:      #1
[    0.584795] kvm-clock: cpu 1, msr 0:3ffe3041, secondary cpu clock
[    0.586947] mce: CPU supports 0 MCE banks
[    0.589299] x86: Booted up 1 node, 2 CPUs
[    0.590145] smpboot: Total of 2 processors activated (8831.83 BogoMIPS)
[    0.591468] devtmpfs: initialized
[    0.593178] evm: security.selinux
[    0.593791] evm: security.SMACK64
[    0.599704] evm: security.SMACK64EXEC
[    0.600342] evm: security.SMACK64TRANSMUTE
[    0.601029] evm: security.SMACK64MMAP
[    0.601675] evm: security.ima
[    0.602230] evm: security.capability
[    0.603052] clocksource: jiffies: mask: 0xffffffff max_cycles: 0xffffffff, max_idle_ns: 7645041785100000 ns
[    0.604579] futex hash table entries: 512 (order: 3, 32768 bytes)
[    0.605603] pinctrl core: initialized pinctrl subsystem
[    0.606517] RTC time: 10:00:18, date: 10/09/19
[    0.607388] NET: Registered protocol family 16
[    0.619371] cpuidle: using governor ladder
[    0.631630] cpuidle: using governor menu
[    0.632308] PCCT header not found.
[    0.632963] ACPI: bus type PCI registered
[    0.633647] acpiphp: ACPI Hot Plug PCI Controller Driver version: 0.5
[    0.634685] PCI: Using configuration type 1 for base access
[    0.647818] ACPI: Added _OSI(Module Device)
[    0.648535] ACPI: Added _OSI(Processor Device)
[    0.649264] ACPI: Added _OSI(3.0 _SCP Extensions)
[    0.650029] ACPI: Added _OSI(Processor Aggregator Device)
[    0.651421] ACPI: Executed 1 blocks of module-level executable AML code
[    0.654137] ACPI: Interpreter enabled
[    0.654794] ACPI: (supports S0 S5)
[    0.655409] ACPI: Using IOAPIC for interrupt routing
[    0.656324] PCI: Using host bridge windows from ACPI; if necessary, use "pci=nocrs" and report a bug
[    0.660498] ACPI: PCI Root Bridge [PCI0] (domain 0000 [bus 00-ff])
[    0.661448] acpi PNP0A03:00: _OSC: OS supports [ASPM ClockPM Segments MSI]
[    0.662485] acpi PNP0A03:00: _OSC: not requesting OS control; OS requires [ExtendedConfig ASPM ClockPM MSI]
[    0.664036] acpi PNP0A03:00: fail to add MMCONFIG information, can't access extended PCI configuration space under this bridge.
[    0.665935] PCI host bridge to bus 0000:00
[    0.666639] pci_bus 0000:00: root bus resource [io  0x0000-0x0cf7 window]
[    0.667645] pci_bus 0000:00: root bus resource [io  0x0d00-0xffff window]
[    0.668645] pci_bus 0000:00: root bus resource [mem 0x000a0000-0x000bffff window]
[    0.669892] pci_bus 0000:00: root bus resource [mem 0x40000000-0xfdffffff window]
[    0.671135] pci_bus 0000:00: root bus resource [bus 00-ff]
[    0.673099] pci 0000:00:01.1: legacy IDE quirk: reg 0x10: [io  0x01f0-0x01f7]
[    0.674147] pci 0000:00:01.1: legacy IDE quirk: reg 0x14: [io  0x03f6]
[    0.675115] pci 0000:00:01.1: legacy IDE quirk: reg 0x18: [io  0x0170-0x0177]
[    0.676157] pci 0000:00:01.1: legacy IDE quirk: reg 0x1c: [io  0x0376]
[    0.696440] pci 0000:00:07.0: quirk: [io  0x4000-0x403f] claimed by PIIX4 ACPI
[    0.886794] pci 0000:00:07.0: quirk: [io  0x4100-0x410f] claimed by PIIX4 SMB
[    0.894528] ACPI: PCI Interrupt Link [LNKA] (IRQs 5 9 10 *11)
[    0.906423] ACPI: PCI Interrupt Link [LNKB] (IRQs 5 9 *10 11)
[    0.907658] ACPI: PCI Interrupt Link [LNKC] (IRQs 5 *9 10 11)
[    0.908888] ACPI: PCI Interrupt Link [LNKD] (IRQs 5 9 10 *11)
[    0.910176] ACPI: Enabled 2 GPEs in block 00 to 07
[    0.911303] vgaarb: setting as boot device: PCI:0000:00:02.0
[    0.912183] vgaarb: device added: PCI:0000:00:02.0,decodes=io+mem,owns=io+mem,locks=none
[    0.913493] vgaarb: loaded
[    0.914021] vgaarb: bridge control possible 0000:00:02.0
[    0.915068] SCSI subsystem initialized
[    0.915821] ACPI: bus type USB registered
[    0.916525] usbcore: registered new interface driver usbfs
[    0.917396] usbcore: registered new interface driver hub
[    0.918250] usbcore: registered new device driver usb
[    0.919268] PCI: Using ACPI for IRQ routing
[    0.920193] NetLabel: Initializing
[    0.920809] NetLabel:  domain hash size = 128
[    0.921539] NetLabel:  protocols = UNLABELED CIPSOv4
[    0.922686] NetLabel:  unlabeled traffic allowed by default
[    0.923720] amd_nb: Cannot enumerate AMD northbridges
[    0.924585] clocksource: Switched to clocksource kvm-clock
[    0.930483] AppArmor: AppArmor Filesystem Enabled
[    0.931340] pnp: PnP ACPI init
[    0.932467] pnp: PnP ACPI: found 3 devices
[    0.941003] clocksource: acpi_pm: mask: 0xffffff max_cycles: 0xffffff, max_idle_ns: 2085701024 ns
[    0.942454] NET: Registered protocol family 2
[    0.943312] TCP established hash table entries: 8192 (order: 4, 65536 bytes)
[    0.944362] TCP bind hash table entries: 8192 (order: 5, 131072 bytes)
[  0552]CPHa tleconigured (stlied19 bd 92
[  1080]DPastale entries: 512 (order: 2, 16384 bytes)
[    1.892264] UDP-Lite hash table entries: 512 (order: 2, 16384 bytes)
[    1.893162] NET: Registered protocol family 1
[   .883 p 00:00:00.0 LimiindictCICIransfers
[    2.35740] pci 0000:00:01.0: Activating ISA DMA hang workarounds
[    2.380230] Unpacking initramfs...

[    2.557026] Freeing initrd memory: 14828K
[    2.561179] clocksource: tsc: mask: 0xffffffffffffffff max_cycles: 0x1fd3908a2e5, max_idle_ns: 440795238533 ns
[    2.562769] platform rtc_cmos: registered platform RTC device (no PNP device found)
[    2.564085] Scanning for low memory corruption every 60 seconds
[    2.565255] audit: initializing netlink subsys (disabled)
[    2.566131] audit: type=2000 audit(1570615224.889:1): initialized
[    2.567282] Initialise system trusted keyring
[    2.568219] HugeTLB registered 2 MB page size, pre-allocated 0 pages
[    2.570273] zbud: loaded
[    2.571151] VFS: Disk quotas dquot_6.6.0
[    2.571846] VFS: Dquot-cache hash table entries: 512 (order 0, 4096 bytes)
[    2.573046] squashfs: version 4.0 (2009/01/31) Phillip Lougher
[    2.574230] fuse init (API version 7.23)
[    2.575016] Key type big_key registered
[    2.575706] Allocating IMA MOK and blacklist keyrings.
[    2.577384] Key type asymmetric registered
[    2.578097] Asymmetric key parser 'x509' registered
[    2.578915] Block layer SCSI generic (bsg) driver version 0.4 loaded (major 249)
[    2.580202] io scheduler noop registered
[    2.580883] io scheduler deadline registered (default)
[    2.581756] io scheduler cfq registered
[    2.583111] pci_hotplug: PCI Hot Plug PCI Core version: 0.5
[    2.584729] pciehp: PCI Express Hot Plug Controller Driver version: 0.4
[    2.586086] ACPI: AC Adapter [AC] (on-line)
[    2.586852] input: Power Button as /devices/LNXSYSTM:00/LNXPWRBN:00/input/input0
[    2.588112] ACPI: Power Button [PWRF]
[    2.588825] input: Sleep Button as /devices/LNXSYSTM:00/LNXSLPBN:00/input/input1
[    2.590084] ACPI: Sleep Button [SLPF]
[    2.590918] GHES: HEST is not enabled!
[    2.591647] Serial: 8250/16550 driver, 32 ports, IRQ sharing enabled
[    2.614018] 00:02: ttyS0 at I/O 0x3f8 (irq = 4, base_baud = 115200) is a 16550A
[    2.616164] Linux agpgart interface v0.103
[    2.618149] loop: module loaded
[    2.619253] scsi host0: ata_piix
[    2.619982] scsi host1: ata_piix
[    2.620606] ata1: PATA max UDMA/33 cmd 0x1f0 ctl 0x3f6 bmdma 0xd000 irq 14
[    2.621660] ata2: PATA max UDMA/33 cmd 0x170 ctl 0x376 bmdma 0xd008 irq 15
[    2.622759] libphy: Fixed MDIO Bus: probed
[    2.626405] tun: Universal TUN/TAP device driver, 1.6
[    2.627215] tun: (C) 1999-2004 Max Krasnyansky <maxk@qualcomm.com>
[    2.897978] PPP generic driver version 2.4.2
[    3.354318] ehci_hcd: USB 2.0 'Enhanced' Host Controller (EHCI) Driver
[    3.404904] ehci-pci: EHCI PCI platform driver
[    3.405698] ehci-platform: EHCI generic platform driver
[    3.414376] ohci_hcd: USB 1.1 'Open' Host Controller (OHCI) Driver
[    3.435216] ohci-pci: OHCI PCI platform driver
[    3.436597] ohci-platform: OHCI generic platform driver
[    3.437754] uhci_hcd: USB Universal Host Controller Interface driver
[    3.438650] i8042: PNP: PS/2 Controller [PNP0303:PS2K,PNP0f03:PS2M] at 0x60,0x64 irq 1,12
[    3.440257] serio: i8042 KBD port at 0x60,0x64 irq 1
[    3.440970] serio: i8042 AUX port at 0x60,0x64 irq 12
[    3.441785] mousedev: PS/2 mouse device common for all mice
[    3.442902] rtc_cmos rtc_cmos: rtc core: registered rtc_cmos as rtc0
[    3.443926] input: AT Translated Set 2 keyboard as /devices/platform/i8042/serio0/input/input2
[    3.445370] rtc_cmos rtc_cmos: alarms up to one day, 114 bytes nvram
[    3.446351] i2c /dev entries driver
[    3.447013] device-mapper: uevent: version 1.0.3
[    3.447827] device-mapper: ioctl: 4.34.0-ioctl (2015-10-28) initialised: dm-devel@redhat.com
[    3.449185] ledtrig-cpu: registered to indicate activity on CPUs
[    3.454783] NET: Registered protocol family 10
[    3.455596] NET: Registered protocol family 17
[    3.456244] Key type dns_resolver registered
[    3.457206] registered taskstats version 1
[    3.457836] Loading compiled-in X.509 certificates
[    3.458982] Loaded X.509 cert 'Build time autogenerated kernel key: 0ed82eac04367aa6426493b1389455ebf6830eaa'
[    3.460326] zswap: loaded using pool lzo/zbud
[    3.462369] Key type trusted registered
[    3.465175] Key type encrypted registered
[    3.465801] AppArmor: AppArmor sha1 policy hashing enabled
[    3.466535] ima: No TPM chip found, activating TPM-bypass!
[    3.467272] ima: Allocated hash algorithm: sha1
[    3.467923] evm: HMAC attrs: 0x1
[    3.468662]   Magic number: 7:720:21
[    3.469291] rtc_cmos rtc_cmos: setting system clock to 2019-10-09 10:00:21 UTC (1570615221)
[    3.470573] BIOS EDD facility v0.16 2004-Jun-25, 0 devices found
[    3.471365] EDD information not available.
[    3.472949] Freeing unused kernel memory: 1484K
[    3.484684] Write protecting the kernel read-only data: 14336k
[    3.485818] Freeing unused kernel memory: 1608K
[    3.486587] Freeing unused kernel memory: 64K
Loading, please wait...
starting version 229
[    3.496989] random: systemd-udevd: uninitialized urandom read (16 bytes read, 3 bits of entropy available)
[    3.497560] random: udevadm: uninitialized urandom read (16 bytes read, 3 bits of entropy available)
[    3.497584] random: udevadm: uninitialized urandom read (16 bytes read, 3 bits of entropy available)
[    3.502372] random: systemd-udevd: uninitialized urandom read (16 bytes read, 3 bits of entropy available)
[    3.504194] random: systemd-udevd: uninitialized urandom read (16 bytes read, 3 bits of entropy available)
[    3.505997] random: systemd-udevd: uninitialized urandom read (16 bytes read, 3 bits of entropy available)
[    3.506409] random: udevadm: uninitialized urandom read (16 bytes read, 3 bits of entropy available)
[    3.506457] random: udevadm: uninitialized urandom read (16 bytes read, 3 bits of entropy available)
[    3.506602] random: udevadm: uninitialized urandom read (16 bytes read, 3 bits of entropy available)
[    3.506660] random: udevadm: uninitialized urandom read (16 bytes read, 3 bits of entropy available)
[    3.543154] e1000: Intel(R) PRO/1000 Network Driver - version 7.3.21-k8-NAPI
[    3.544222] e1000: Copyright (c) 1999-2006 Intel Corporation.
[    3.548590] Fusion MPT base driver 3.04.20
[    3.549330] Copyright (c) 1999-2008 LSI Corporation
[    3.554627] Fusion MPT SPI Host driver 3.04.20
[    3.585121] AVX2 version of gcm_enc/dec engaged.
[    3.586983] AES CTR mode by8 optimization enabled
[    3.789936] input: ImExPS/2 Generic Explorer Mouse as /devices/platform/i8042/serio1/input/input4
[    3.915369] e1000 0000:00:03.0 eth0: (PCI:33MHz:32-bit) 02:0e:9b:2d:5b:92
[    3.917601] e1000 0000:00:03.0 eth0: Intel(R) PRO/1000 Network Connection
[    4.823162] e1000 0000:00:08.0 eth1: (PCI:33MHz:32-bit) 08:00:27:d5:14:88
[    4.934770] e1000 0000:00:08.0 eth1: Intel(R) PRO/1000 Network Connection
[    4.936979] e1000 0000:00:08.0 enp0s8: renamed from eth1
[    4.937820] mptbase: ioc0: Initiating bringup
[    4.949129] e1000 0000:00:03.0 enp0s3: renamed from eth0
[    5.594441] ioc0: LSI53C1030 A0: Capabilities={Initiator}
[    6.624761] scsi host2: ioc0: LSI53C1030 A0, FwRev=00000000h, Ports=1, MaxQ=256, IRQ=20
[    7.841322] scsi 2:0:0:0: Direct-Access     VBOX     HARDDISK         1.0  PQ: 0 ANSI: 5
[    7.857816] scsi target2:0:0: Beginning Domain Validation
[    7.877466] scsi target2:0:0: Domain Validation skipping write tests
[    7.878973] scsi target2:0:0: Ending Domain Validation
[    7.893825] scsi target2:0:0: asynchronous
[    8.681058] scsi 2:0:1:0: Direct-Access     VBOX     HARDDISK         1.0  PQ: 0 ANSI: 5
[    8.682811] scsi target2:0:1: Beginning Domain Validation
[    8.684270] scsi target2:0:1: Domain Validation skipping write tests
[    8.693730] scsi target2:0:1: Ending Domain Validation
[    8.694610] scsi target2:0:1: asynchronous
[    8.700527] sd 2:0:0:0: [sda] 20971520 512-byte logical blocks: (10.7 GB/10.0 GiB)
[    8.700596] sd 2:0:0:0: Attached scsi generic sg0 type 0
[    8.716068] sd 2:0:0:0: [sda] Write Protect is off
[    8.717082] sd 2:0:1:0: [sdb] 20480 512-byte logical blocks: (10.5 MB/10.0 MiB)
[    8.717107] sd 2:0:1:0: Attached scsi generic sg1 type 0
[    8.722417] sd 2:0:0:0: [sda] Incomplete mode parameter data
[    8.722418] sd 2:0:0:0: [sda] Assuming drive cache: write through
[    8.724143]  sda: sda1
[    8.724697] sd 2:0:0:0: [sda] Attached SCSI disk
[    8.726272] sd 2:0:1:0: [sdb] Write Protect is off
[    8.727050] sd 2:0:1:0: [sdb] Incomplete mode parameter data
[    8.727816] sd 2:0:1:0: [sdb] Assuming drive cache: write through
[    8.730905] sd 2:0:1:0: [sdb] Attached SCSI disk
Begin: Loading e[   10.156297] md: linear personality registered for level -1
ssential drivers ... [   10.216943] md: multipath personality registered for level -4
[   10.219797] md: raid0 personality registered for level 0
[   10.247718] md: raid1 personality registered for level 1
[   10.317154] raid6: sse2x1   gen() 11416 MB/s
[   10.394451] raid6: sse2x1   xor()  9704 MB/s
[   10.483969] raid6: sse2x2   gen() 14625 MB/s
[   10.548823] raid6: sse2x2   xor()  9593 MB/s
[   10.624039] raid6: sse2x4   gen() 16575 MB/s
[   10.774017] raid6: sse2x4   xor() 11530 MB/s
[   10.863978] raid6: avx2x1   gen() 23341 MB/s
[   10.934063] raid6: avx2x2   gen() 27446 MB/s
[   11.024020] raid6: avx2x4   gen() 27006 MB/s
[   11.118167] raid6: using algorithm avx2x2 gen() 27446 MB/s
[   11.118922] raid6: using avx2x2 recovery algorithm
[   11.120435] xor: automatically using best checksumming function:
[   11.173949]    avx       : 56708.000 MB/sec
[   11.175621] async_tx: api initialized (async)
[   11.182817] md: raid6 personality registered for level 6
[   11.185419] md: raid5 personality registered for level 5
[   11.186160] md: raid4 personality registered for level 4
[   11.191692] md: raid10 personality registered for level 10
done.
Begin: Running /scripts/init-premount ... done.
Begin: Mounting root file system ... Begin: Running /scripts/local-top ... done.
Begin: Running /scripts/local-premount ... [   11.214534] Btrfs loaded
Scanning for Btrfs filesystems
done.
Warning: fsck no[   11.243743] EXT4-fs (sda1): mounted filesystem with ordered data mode. Opts: (null)
t present, so skipping root file system
done.
Begin: Running /scripts/local-bottom ... done.
Begin: Running /scripts/init-bottom ... done.
[   11.434483] systemd[1]: systemd 229 running in system mode. (+PAM +AUDIT +SELINUX +IMA +APPARMOR +SMACK +SYSVINIT +UTMP +LIBCRYPTSETUP +GCRYPT +GNUTLS +ACL +XZ -LZ4 +SECCOMP +BLKID +ELFUTILS +KMOD -IDN)
[   11.442275] systemd[1]: Detected virtualization oracle.
[   11.444608] systemd[1]: Detected architecture x86-64.

Welcome to [1mUbuntu 16.04.6 LTS[0m!

[   11.473617] systemd[1]: Set hostname to <ubuntu-xenial>.
[   11.625155] systemd[1]: Listening on udev Control Socket.
[[0;32m  OK  [0m] Listening on udev Control Socket.
[   11.626652] systemd[1]: Listening on udev Kernel Socket.
[[0;32m  OK  [0m] Listening on udev Kernel Socket.
[   11.628119] systemd[1]: Listening on /dev/initctl Compatibility Named Pipe.
[[0;32m  OK  [0m] Listening on /dev/initctl Compatibility Named Pipe.
[   11.629902] systemd[1]: Reached target System Time Synchronized.
[[0;32m  OK  [0m] Reached target System Time Synchronized.
[   11.631488] systemd[1]: Reached target Swap.
[[0;32m  OK  [0m] Reached target Swap.
[   11.632858] systemd[1]: Set up automount Arbitrary Executable File Formats File System Automount Point.
[[0;32m  OK  [0m] Set up automount Arbitrary Executab...ats File System Automount Point.
[   11.635251] systemd[1]: Listening on LVM2 poll daemon socket.
[[0;32m  OK  [0m] Listening on LVM2 poll daemon socket.
[   11.636858] systemd[1]: Listening on Journal Audit Socket.
[[0;32m  OK  [0m] Listening on Journal Audit Socket.
[   11.638383] systemd[1]: Listening on Device-mapper event daemon FIFOs.
[[0;32m  OK  [0m] Listening on Device-mapper event daemon FIFOs.
[   11.640272] systemd[1]: Created slice System Slice.
[[0;32m  OK  [0m] Created slice System Slice.
[   11.641916] systemd[1]: Created slice system-serial\x2dgetty.slice.
[[0;32m  OK  [0m] Created slice system-serial\x2dgetty.slice.
[   11.643581] systemd[1]: Reached target Encrypted Volumes.
[[0;32m  OK  [0m] Reached target Encrypted Volumes.
[   11.645264] systemd[1]: Created slice User and Session Slice.
[[0;32m  OK  [0m] Created slice User and Session Slice.
[   11.647014] systemd[1]: Reached target Slices.
[[0;32m  OK  [0m] Reached target Slices.
[   11.648448] systemd[1]: Listening on Journal Socket.
[[0;32m  OK  [0m] Listening on Journal Socket.
[   11.660815] systemd[1]: Mounting POSIX Message Queue File System...
         Mounting POSIX Message Queue File System...
[   11.790725] systemd[1]: Starting Load Kernel Modules...
         Starting Load Kernel Modules...
[   11.887122] systemd[1]: Starting Remount Root and Kernel File Systems...
         Starting Remount Root and Kernel File Systems...
[   11.889554] systemd[1]: Starting Nameserver information manager...
         [   11.890690] EXT4-fs (sda1): re-mounted. Opts: (null)
Starting Nameserver information manager...
[   11.892550] systemd[1]: Starting Set console keymap...
         Starting Set console keymap...
[   11.895066] systemd[1]: Starting Uncomplicated firewall...
[   11.895979] Loading iSCSI transport class v2.0-870.
         Starting Uncomplicated firewall...
[   11.900508] systemd[1]: Mounting Debug File System...
         Mounting Debug File System...
[   11.905703] systemd[1]: Started Forward Password Requests to Wall Directory Watch.
[[0;32m  OK  [0m] Started Forward Password Requests to Wall Directory Watch.
[   11.908600] systemd[1]: Starting Create list of required static device nodes for the current kernel...
         [   11.918217] iscsi: registered transport (tcp)
Starting Create list of required st... nodes for the current kernel...
[   11.922892] systemd[1]: Listening on LVM2 metadata daemon socket.
[[0;32m  OK  [0m] Listening on LVM2 metadata daemon socket.
[   11.927084] systemd[1]: Starting Monitoring of LVM2 mirrors, snapshots etc. using dmeventd or progress polling...
         Starting Monitoring of LVM2 mirrors... dmeventd or progress polling...
[   11.943789] systemd[1]: Listening on Journal Socket (/dev/log).
[[0;32m  OK  [0m] Listening on Journal Socket ([   11.961575] iscsi: registered transport (iser)
/dev/log).
[   12.004760] systemd[1]: Started Trigger resolvconf update for networkd DNS.
[[0;32m  OK  [0m] Started Trigger resolvconf update for networkd DNS.
[   12.024166] systemd[1]: Reached target Use and Group Name Lookups.
[[0;32m  OK  [0m] Reached target User and Group Name Lookups.
[   12.048997] systemd[1]: Listening on Syslog Socket.
[[0;32m  OK  [0m] Listening on Syslog Socket.[   12.050301] random: nonblocking pool is initialized


[   12.064909] systemd[1]: Starting Journal Service...
         Starting Journal Service...
[   12.067111] systemd[1]: Mounting Huge Pages File System...
         Mounting Huge Pages File System...
[   12.075005] systemd[1]: Mounted POSIX Message Queue File System.
[[0;32m  OK  [0m] Mounted POSIX Message Queue File System.
[   12.095610] systemd[1]: Mounted Debug File System.
[[0;32m  OK  [0m] Mounted Debug File System.
[   12.097362] systemd[1]: Mounted Huge Pages File System.
[[0;32m  OK  [0m] Mounted Huge Pages File System.
[   12.107501] systemd[1]: Started Load Kernel Modules.
[[0;32m  OK  [0m] Started Load Kernel Modules.
[   12.110168] systemd[1]: Started Remount Root and Kernel File Systems.
[[0;32m  OK  [0m] Started Remount Root and Kernel File Systems.
[   12.112902] systemd[1]: Started Set console keymap.
[[0;32m  OK  [0m] Started Set console keymap.
[   12.115086] systemd[1]: Started Uncomplicated firewall.
[[0;32m  OK  [0m] Started Uncomplicated firewall.
[   12.117277] systemd[1]: Started Create list of required static device nodes for the current kernel.
[[0;32m  OK  [0m] Started Create list of required sta...ce nodes for the current kernel.
[   12.121508] systemd[1]: Started Nameserver information manager.
[[0;32m  OK  [0m] Started Nameserver information manager.
[   12.132089] systemd[1]: Started Journal Service.
[[0;32m  OK  [0m] Started Journal Service.
[[0;32m  OK  [0m] Started LVM2 metadata daemon.
         Starting Create Static Device Nodes in /dev...
         Starting udev Coldplug all Devices...
         Starting Load/Save Random Seed...
         Starting Flush Journal to Persistent Storage...
         Starting Apply Kernel Variables...
         Mounting FUSE Control File System...
[[0;32m  OK  [0m] Started Create Static Device Nodes in /dev.
[[0;32m  OK  [0m] Started Load/Save Random Seed.
[[0;32m  OK  [0m] Started Apply Kernel Variables.
[[0;32m  OK  [0m] Mounted FUSE Control File System.
[[0;32m  OK  [0m] Started udev Coldplug all Devices.
[[0;32m  OK  [0m] Started Flush Journal to Persistent Storage.
         Starting udev Kernel Device Manager...
[[0;32m  OK  [0m] Started udev Kernel Device Manager.
[[0;32m  OK  [0m] Started Dispatch Password Requests to Console Directory Watch.
[[0;32m  OK  [0m] Found device /dev/ttyS0.
[[0;32m  OK  [0m] Listening on Load/Save RF Kill Switch Status /dev/rfkill Watch.
[[0;32m  OK  [0m] Started Monitoring of LVM2 mirrors,...ng dmeventd or progress polling.
[[0;32m  OK  [0m] Reached target Local File Systems (Pre).
[[0;32m  OK  [0m] Reached target Local File Systems.
         Starting Set console font and keymap...
         Starting Tell Plymouth To Write Out Runtime Data...
         Starting Initial cloud-init job (pre-networking)...
         Starting Create Volatile Files and Directories...
         Starting LSB: AppArmor initialization...
[[0;32m  OK  [0m] Started Tell Plymouth To Write Out Runtime Data.
[[0;32m  OK  [0m] Started Create Volatile Files and Directories.
         Starting Update UTMP about System Boot/Shutdown...
[[0;32m  OK  [0m] Found device 82540EM Gigabit Ethern...r (PRO/1000 MT Desktop Adapter).
[[0;32m  OK  [0m] Found device 82540EM Gigabit Ethern...r (PRO/1000 MT Desktop Adapter).
[[0;32m  OK  [0m] Started Update UTMP about System Boot/Shutdown.
[[0;32m  OK  [0m] Started LSB: AppArmor initialization.
[[0;32m  OK  [0m] Started Set console font and keymap.
[[0;32m  OK  [0m] Created slice system-getty.slice.
[   12.864896] cloud-init[648]: Cloud-init v. 19.2-36-g059d049c-0ubuntu1~16.04.1 running 'init-local' at Wed, 09 Oct 2019 10:00:31 +0000. Up 12.67 seconds.
[[0;32m  OK  [0m] Started Initial cloud-init job (pre-networking).
[[0;32m  OK  [0m] Reached target Network (Pre).
[[0;32m  OK  [0m] Started ifup for enp0s8.
         Starting Raise network interfaces...
[[0;32m  OK  [0m] Started ifup for enp0s3.
[[0;32m  OK  [0m] Started Raise network interfaces.
[[0;32m  OK  [0m] Reached target Network.
         Starting Initial cloud-init job (metadata service crawler)...
[   13.532929] cloud-init[1075]: Cloud-init v. 19.2-36-g059d049c-0ubuntu1~16.04.1 running 'init' at Wed, 09 Oct 2019 10:00:32 +0000. Up 13.32 seconds.
[   13.540671] cloud-init[1075]: ci-info: ++++++++++++++++++++++++++++++++++++++Net device info+++++++++++++++++++++++++++++++++++++++
[   13.542309] cloud-init[1075]: ci-info: +--------+------+-----------------------------+---------------+--------+-------------------+
[   13.550616] cloud-init[1075]: ci-info: | Device |  Up  |           Address           |      Mask     | Scope  |     Hw-Address    |
[   13.553211] cloud-init[1075]: ci-info: +--------+------+-----------------------------+---------------+--------+-------------------+
[   13.560584] cloud-init[1075]: ci-info: | enp0s3 | True |          10.0.2.15          | 255.255.255.0 | global | 02:0e:9b:2d:5b:92 |
[[0;32m  OK  [0m] Started Initial cloud-init job (metadata service crawler).
[   13.572196] cloud-init[1075]: ci-info: | enp0s3 | True |  fe80::e:9bff:fe2d:5b92/64  |       .       |  link  | 02:0e:9b:2d:5b:92 |
[   13.572430] cloud-init[1075]: ci-info: | enp0s8 | True |        192.168.33.10        | 255.255.255.0 | global | 08:00:27:d5:14:88 |
[   13.572548] cloud-init[1075]: ci-info: | enp0s8 | True | fe80::a00:27ff:fed5:1488/64 |       .       |  link  | 08:00:27:d5:14:88 |
[   13.572666] cloud-init[1075]: ci-info: |   lo   | True |          127.0.0.1          |   255.0.0.0   |  host  |         .         |
[   13.572786] cloud-init[1075]: ci-info: |   lo   | True |           ::1/128           |       .       |  host  |         .         |
[   13.572906] cloud-init[1075]: ci-info: +--------+------+-----------------------------+---------------+--------+-------------------+
[   13.573040] cloud-init[1075]: ci-info: ++++++++++++++++++++++++++++Route IPv4 info++++++++++++++++++++++++++++
[   13.573159] cloud-init[1075]: ci-info: +-------+--------------+----------+---------------+-----------+-------+
[   13.573282] cloud-init[1075]: ci-info: | Route | Destination  | Gateway  |    Genmask    | Interface | Flags |
[   13.573402] cloud-init[1075]: ci-info: +-------+--------------+----------+---------------+-----------+-------+
[   13.573644] cloud-init[1075]: ci-info: |   0   |   0.0.0.0    | 10.0.2.2 |    0.0.0.0    |   enp0s3  |   UG  |
[   13.573837] cloud-init[1075]: ci-info: |   1   |   10.0.2.0   | 0.0.0.0  | 255.255.255.0 |   enp0s3  |   U   |
[   13.574029] cloud-init[1075]: ci-info: |   2   | 192.168.33.0 | 0.0.0.0  | 255.255.255.0 |   enp0s8  |   U   |
[   13.574219] cloud-init[1075]: ci-info: +-------+--------------+----------+---------------+-----------+-------+
[   13.574443] cloud-init[1075]: ci-info: +++++++++++++++++++Route IPv6 info+++++++++++++++++++
[   13.574633] cloud-init[1075]: ci-info: +-------+-------------+---------+-----------+-------+
[   13.574845] cloud-init[1075]: ci-info: | Route | Destination | Gateway | Interface | Flags |
[   13.575029] cloud-init[1075]: ci-info: +-------+-------------+---------+-----------+-------+
[   13.575221] cloud-init[1075]: ci-info: |   0   |  fe80::/64  |    ::   |   enp0s8  |   U   |
[   13.575417] cloud-init[1075]: ci-info: |   1   |  fe80::/64  |    ::   |   enp0s3  |   U   |
[   13.575609] cloud-init[1075]: ci-info: |   4   |   ff00::/8  |    ::   |   enp0s8  |   U   |
[   13.575805] cloud-init[1075]: ci-info: |   5   |   ff00::/8  |    ::   |   enp0s3  |   U   |
[[0;32m  OK  [0m] Reached target System Initialization.
[[   13.575996] cloud-init[1075]: ci-info: +-------+-------------+---------+-----------+-------+
[0;32m  OK  [0m] Listening on ACPID Listen Socket.
[[0;32m  OK  [0m] Listening on D-Bus System Message Bus Socket.
[[0;32m  OK  [0m] Started ACPI Events Check.
[[0;32m  OK  [0m] Reached target Paths.
[[0;32m  OK  [0m] Started Daily Cleanup of Temporary Directories.
         Starting Socket activation for snappy daemon.
         Starting LXD - unix socket.
[[0;32m  OK  [0m] Listening on UUID daemon activation socket.
[[0;32m  OK  [0m] Started Daily apt download activities.
[[0;32m  OK  [0m] Started Daily apt upgrade and clean activities.
[[0;32m  OK  [0m] Reached target Timers.
[[0;32m  OK  [0m] Reached target Cloud-config availability.
[[0;32m  OK  [0m] Reached target Network is Online.
         Starting iSCSI initiator daemon (iscsid)...
[[0;32m  OK  [0m] Listening on Socket activation for snappy daemon.
[[0;32m  OK  [0m] Listening on LXD - unix socket.
[[0;32m  OK  [0m] Started iSCSI initiator daemon (iscsid).
         Starting Login to default iSCSI targets...
[[0;32m  OK  [0m] Reached target Sockets.
[[0;32m  OK  [0m] Reached target Basic System.
[[0;32m  OK  [0m] Started Deferred execution scheduler.
         Starting Login Service...
[[0;32m  OK  [0m] Started FUSE filesystem for LXC.
         Starting LSB: Record successful boot for GRUB...
         Starting Virtualbox guest utils...
         Starting LXD - container startup/shutdown...
[[0;32m  OK  [0m] Started D-Bus System Message Bus.
         Starting The PHP 7.0 FastCGI Process Manager...
         Starting Accounts Service...
         Starting System Logging Service...
         Starting Snappy daemon...
[[0;32m  OK  [0m] Started ACPI event daemon.
         Starting OpenBSD Secure Shell server...
         Starting LSB: MD monitoring daemon...
[[0;32m  OK  [0m] Started Regular background program processing daemon.
         Starting MySQL Community Server...
         Starting /etc/rc.local Compatibility...
[[0;32m  OK  [0m] Started /etc/rc.local Compatibility.
[[0;32m  OK  [0m] Started System Logging Service.
[[0;32m  OK  [0m] Started Login to default iSCSI targets.
[[0;32m  OK  [0m] Started Login Service.
[[0;32m  OK  [0m] Started Unattended Upgrades Shutdown.
[[0;32m  OK  [0m] Reached target Remote File Systems (Pre).
[[0;32m  OK  [0m] Reached target Remote File Systems.
         Starting LSB: daemon to balance interrupts for SMP systems...
         Starting Permit User Sessions...
         Starting LSB: Apache2 web server...
         Starting LSB: Set the CPU Frequency Scaling governor to "ondemand"...
         Starting LSB: automatic crash report generation...
[[0;32m  OK  [0m] Started LSB: Record successful boot for GRUB.
[[0;32m  OK  [0m] Started LSB: MD monitoring daemon.
[[0;32m  OK  [0m] Started Permit User Sessions.
[[0;32m  OK  [0m] Started OpenBSD Secure Shell server.
[[0;32m  OK  [0m] Started LSB: Set the CPU Frequency Scaling governor to "ondemand".
[[0;32m  OK  [0m] Started LXD - container startup/shutdown.
[[0;32m  OK  [0m] Started LSB: daemon to balance interrupts for SMP systems.
[[0;32m  OK  [0m] Started Virtualbox guest utils.
         Starting Authenticate and Authorize Users to Run Privileged Tasks...
         Starting Terminate Plymouth Boot Screen...
         Starting Hold until boot process finishes up...
[[0;32m  OK  [0m] Started LSB: automatic crash report generation.
[[0;32m  OK  [0m] Started Hold until boot process finishes up.
[[0;32m  OK  [0m] Started Terminate Plymouth Boot Screen.
[[0;32m  OK  [0m] Started Authenticate and Authorize Users to Run Privileged Tasks.
[[0;32m  OK  [0m] Started Accounts Service.
[[0;32m  OK  [0m] Started Serial Getty on ttyS0.
         Starting Set console scheme...
[[0;32m  OK  [0m] Started Getty on tty1.
[[0;32m  OK  [0m] Reached target Login Prompts.
[[0;32m  OK  [0m] Started Set console scheme.
[[0;32m  OK  [0m] Started Snappy daemon.
         Starting Wait until snapd is fully seeded...
[[0;32m  OK  [0m] Started The PHP 7.0 FastCGI Process Manager.
[[0;32m  OK  [0m] Started Wait until snapd is fully seeded.
         Starting Apply the settings specified in cloud-config...
[   14.860309] cloud-init[1388]: Cloud-init v. 19.2-36-g059d049c-0ubuntu1~16.04.1 running 'modules:config' at Wed, 09 Oct 2019 10:00:33 +0000. Up 14.74 seconds.
[[0;32m  OK  [0m] Started Apply the settings specified in cloud-config.
[[0;32m  OK  [0m] Started MySQL Community Server.
[[0;32m  OK  [0m] Started LSB: Apache2 web server.
[[0;32m  OK  [0m] Reached target Multi-User System.
         Starting Execute cloud user/final scripts...
[[0;32m  OK  [0m] Reached target Graphical Interface.
         Starting Update UTMP about System Runlevel Changes...
[[0;32m  OK  [0m] Started Update UTMP about System Runlevel Changes.
[   15.897932] cloud-init[1439]: Cloud-init v. 19.2-36-g059d049c-0ubuntu1~16.04.1 running 'modules:final' at Wed, 09 Oct 2019 10:00:34 +0000. Up 15.82 seconds.
[   15.908321] cloud-init[1439]: Cloud-init v. 19.2-36-g059d049c-0ubuntu1~16.04.1 finished at Wed, 09 Oct 2019 10:00:34 +0000. Datasource DataSourceNoCloud [seed=/dev/sdb][dsmode=net].  Up 15.89 seconds
[[0;32m  OK  [0m] Started Execute cloud user/final scripts.
[[0;32m  OK  [0m] Reached target Cloud-init target.

Ubuntu 16.04.6 LTS ubuntu-xenial ttyS0

ubuntu-xenial login:          Stopping Session 12 of user vagrant.
         Stopping ACPI event daemon...
         Stopping User Manager for UID 1000...
[[0;32m  OK  [0m] Stopped target Timers.
[[0;32m  OK  [0m] Stopped Daily Cleanup of Temporary Directories.
[[0;32m  OK  [0m] Stopped target Graphical Interface.
         Stopping Accounts Service...
[[0;32m  OK[         Stopping LSB: Apache2 web server...
[[0;32m  OK  [0m] Unmounted /var/lib/lxcfs.
[[0;32m  OK  [0m] Stopped Deferred execution scheduler.
[[0;32m  OK  [0m] Stopped Accounts Service.
[[0;32m  OK  [0m] Stopped System Logging Service.
[[0;32m  OK  [0m] Stopped ACPI event daemon.
[[0;32m  OK  [0m] Stopped Regular background program processing daemon.
[[0;32m  OK  [0m] Stopped Unattended Upgrades Shutdown.
[[0;32m  OK  [0m] Stopped OpenBSD Secure Shell server.
[[0;32m  OK  [0m] Stopped Authenticate and Authorize Users to Run Privileged Tasks.
[[0;32m  OK  [0m] Stopped Serial Getty on ttyS0.
[[0;32m  OK  [0m] Stopped Getty on tty1.
[[0;32m  OK  [0m] Stopped The PHP 7.0 FastCGI Process Manager.
[[0;32m  OK  [0m] Stopped User Manager for UID 1000.
[[0;32m  OK  [0m] Stopped Session 12 of user vagrant.
[[0;32m  OK  [0m] Stopped D-Bus System Message Bus.
[[0;32m  OK  [0m] Stopped FUSE filesystem for LXC.
[[0;32m  OK  [0m] Stopped LXD - container startup/shutdown.
[[0;32m  OK  [0m] Stopped LSB: automatic crash report generation.
[[0;32m  OK  [0m] Stopped LSB: MD monitoring daemon.
[[0;32m  OK  [0m] Stopped LSB: Set the CPU Frequency Scaling governor to "ondemand".
[[0;32m  OK  [0m] Stopped LSB: Record successful boot for GRUB.
[[0;32m  OK  [0m] Stopped LSB: daemon to balance interrupts for SMP systems.
[[0;32m  OK  [0m] Stopped Virtualbox guest utils.
[[0;32m  OK  [0m] Removed slice User Slice of vagrant.
[[0;32m  OK  [0m] Removed slice system-getty.slice.
[[0;32m  OK  [0m] Stopped /etc/rc.local Compatibility.
[[0;32m  OK  [0m] Removed slice system-serial\x2dgetty.slice.
         Stopping Permit User Sessions...
         Stopping Login Service...
[[0;32m  OK  [0m] Stopped Permit User Sessions.
[[0;32m  OK  [0m] Stopped Login Service.
[[0;32m  OK  [0m] Stopped target User and Group Name Lookups.
[[0;32m  OK  [0m] Stopped MySQL Community Server.
[[0;32m  OK  [0m] Stopped LSB: Apache2 web server.
[[0;32m  OK  [0m] Stopped target Basic System.
[[0;32m  OK  [0m] Stopped target Sockets.
[[0;32m  OK  [0m] Closed Syslog Socket.
[[0;32m  OK  [0m] Closed D-Bus System Message Bus Socket.
[[0;32m  OK  [0m] Closed ACPID Listen Socket.
[[0;32m  OK  [0m] Closed UUID daemon activation socket.
[[0;32m  OK  [0m] Closed Socket activation for snappy daemon.
[[0;32m  OK  [0m] Closed LXD - unix socket.
[[0;32m  OK  [0m] Stopped target Paths.
[[0;32m  OK  [0m] Stopped Dispatch Password Requests to Console Directory Watch.
[[0;32m  OK  [0m] Stopped ACPI Events Check.
[[0;32m  OK  [0m] Stopped Forward Password Requests to Wall Directory Watch.
[[0;32m  OK  [0m] Stopped target System Initialization.
[[0;32m  OK  [0m] Stopped target Encrypted Volumes.
         Stopping Load/Save Random Seed...
         Stopping Update UTMP about System Boot/Shutdown...
[[0;32m  OK  [0m] Stopped target Swap.
[[0;32m  OK  [0m] Stopped target Slices.
[[0;32m  OK  [0m] Removed slice User and Session Slice.
[[0;32m  OK  [0m] Stopped target Remote File Systems.
[[0;32m  OK  [0m] Stopped target Remote File Systems (Pre).
         Stopping Login to default iSCSI targets...
[[0;32m  OK  [0m] Stopped Load/Save Random Seed.
[[0;32m  OK  [0m] Stopped Update UTMP about System Boot/Shutdown.
[[0;32m  OK  [0m] Stopped Login to default iSCSI targets.
         Stopping iSCSI initiator daemon (iscsid)...
[[0;32m  OK  [0m] Stopped Create Volatile Files and Directories.
[[0;32m  OK  [0m] Stopped iSCSI initiator daemon (iscsid).
[[0;32m  OK  [0m] Stopped target Network is Online.
[[0;32m  OK  [0m] Stopped Initial cloud-init job (metadata service crawler).
[[0;32m  OK  [0m] Stopped target Network.
         Stopping Raise network interfaces...
[[0;32m  OK  [0m] Stopped Raise network interfaces.
[[0;32m  OK  [0m] Stopped target Local File Systems.
         Unmounting /vagrant...
         Unmounting /run/user/1000...
         Unmounting /var/www/html...
[[0;32m  OK  [0m] Stopped Apply Kernel Variables.
[[0;32m  OK  [0m] Stopped Load Kernel Modules.
[[0;32m  OK  [0m] Stopped target Network (Pre).
[[0;32m  OK  [0m] Stopped Initial cloud-init job (pre-networking).
[[0;32m  OK  [0m] Unmounted /vagrant.
[[0;32m  OK  [0m] Unmounted /run/user/1000.
[[0;32m  OK  [0m] Unmounted /var/www/html.
[[0;32m  OK  [0m] Reached target Unmount All Filesystems.
[[0;32m  OK  [0m] Stopped target Local File Systems (Pre).
         Stopping Monitoring of LVM2 mirrors... dmeventd or progress polling...
[[0;32m  OK  [0m] Stopped Create Static Device Nodes in /dev.
[[0;32m  OK  [0m] Stopped Remount Root and Kernel File Systems.
[[0;32m  OK  [0m] Reached target Shutdown.
[ 7012.041042] reboot: Power down
